The target system is: PICO -  - cortex-m33
The host system is: Darwin - 24.3.0 - arm64
Compiling the C compiler identification source file "CMakeCCompilerId.c" succeeded.
Compiler: /Users/petemahowald/.pico-sdk/toolchain/13_3_Rel1/bin/arm-none-eabi-gcc 
Build flags: -mcpu=cortex-m33;-mthumb;-march=armv8-m.main+fp+dsp;-mfloat-abi=softfp;-mcmse
Id flags: -c 

The output was:
0


Compilation of the C compiler identification source "CMakeCCompilerId.c" produced "CMakeCCompilerId.o"

The C compiler identification is GNU, found in "/Users/petemahowald/Documents/pico/piLED/build/CMakeFiles/3.24.4/CompilerIdC/CMakeCCompilerId.o"

Compiling the CXX compiler identification source file "CMakeCXXCompilerId.cpp" succeeded.
Compiler: /Users/petemahowald/.pico-sdk/toolchain/13_3_Rel1/bin/arm-none-eabi-g++ 
Build flags: -mcpu=cortex-m33;-mthumb;-march=armv8-m.main+fp+dsp;-mfloat-abi=softfp;-mcmse
Id flags: -c 

The output was:
0


Compilation of the CXX compiler identification source "CMakeCXXCompilerId.cpp" produced "CMakeCXXCompilerId.o"

The CXX compiler identification is GNU, found in "/Users/petemahowald/Documents/pico/piLED/build/CMakeFiles/3.24.4/CompilerIdCXX/CMakeCXXCompilerId.o"

Checking whether the ASM compiler is GNU using "--version" matched "(GNU assembler)|(GCC)|(Free Software Foundation)":
arm-none-eabi-gcc (Arm GNU Toolchain 13.3.Rel1 (Build arm-13.24)) 13.3.1 20240614
Copyright (C) 2023 Free Software Foundation, Inc.
This is free software; see the source for copying conditions.  There is NO
warranty; not even for MERCHANTABILITY or FITNESS FOR A PARTICULAR PURPOSE.

Detecting C compiler ABI info compiled with the following output:
Change Dir: /Users/petemahowald/Documents/pico/piLED/build/CMakeFiles/CMakeTmp

Run Build Command(s):/Users/petemahowald/.pico-sdk/ninja/v1.12.1/ninja cmTC_0ae97 && [1/2] Building C object CMakeFiles/cmTC_0ae97.dir/CMakeCCompilerABI.c.o
Using built-in specs.
COLLECT_GCC=/Users/petemahowald/.pico-sdk/toolchain/13_3_Rel1/bin/arm-none-eabi-gcc
Target: arm-none-eabi
Configured with: /Volumes/data/jenkins/workspace/GNU-toolchain/arm-13/src/gcc/configure --target=arm-none-eabi --prefix=/Volumes/data/jenkins/workspace/GNU-toolchain/arm-13/build-arm-none-eabi/install --with-gmp=/Volumes/data/jenkins/workspace/GNU-toolchain/arm-13/build-arm-none-eabi/host-tools --with-mpfr=/Volumes/data/jenkins/workspace/GNU-toolchain/arm-13/build-arm-none-eabi/host-tools --with-mpc=/Volumes/data/jenkins/workspace/GNU-toolchain/arm-13/build-arm-none-eabi/host-tools --with-isl=/Volumes/data/jenkins/workspace/GNU-toolchain/arm-13/build-arm-none-eabi/host-tools --disable-shared --disable-nls --disable-threads --disable-tls --enable-checking=release --enable-languages=c,c++,fortran --with-newlib --with-gnu-as --with-headers=yes --with-gnu-ld --with-native-system-header-dir=/include --with-sysroot=/Volumes/data/jenkins/workspace/GNU-toolchain/arm-13/build-arm-none-eabi/install/arm-none-eabi --with-multilib-list=aprofile,rmprofile --with-pkgversion='Arm GNU Toolchain 13.3.Rel1 (Build arm-13.24)' --with-bugurl=https://bugs.linaro.org/
Thread model: single
Supported LTO compression algorithms: zlib
gcc version 13.3.1 20240614 (Arm GNU Toolchain 13.3.Rel1 (Build arm-13.24)) 
COLLECT_GCC_OPTIONS='-mcpu=cortex-m33' '-mthumb'  '-mfloat-abi=softfp' '-mcmse' '-v' '-std=gnu11' '-o' 'CMakeFiles/cmTC_0ae97.dir/CMakeCCompilerABI.c.o' '-c' '-mlibarch=armv8-m.main+dsp+fp' '-march=armv8-m.main+dsp+fp' '-dumpdir' 'CMakeFiles/cmTC_0ae97.dir/'
 /Users/petemahowald/.pico-sdk/toolchain/13_3_Rel1/bin/../libexec/gcc/arm-none-eabi/13.3.1/cc1 -quiet -v -imultilib thumb/v8-m.main+fp/softfp -iprefix /Users/petemahowald/.pico-sdk/toolchain/13_3_Rel1/bin/../lib/gcc/arm-none-eabi/13.3.1/ -isysroot /Users/petemahowald/.pico-sdk/toolchain/13_3_Rel1/bin/../arm-none-eabi -D__USES_INITFINI__ /opt/local/share/cmake-3.24/Modules/CMakeCCompilerABI.c -quiet -dumpdir CMakeFiles/cmTC_0ae97.dir/ -dumpbase CMakeCCompilerABI.c.c -dumpbase-ext .c -mcpu=cortex-m33 -mthumb -mfloat-abi=softfp -mcmse -mlibarch=armv8-m.main+dsp+fp -march=armv8-m.main+dsp+fp -std=gnu11 -version -o /var/folders/6m/lvns3_1x0rqd8tg93n7kmnpr0000gn/T//cccqIwp4.s
GNU C11 (Arm GNU Toolchain 13.3.Rel1 (Build arm-13.24)) version 13.3.1 20240614 (arm-none-eabi)
	compiled by GNU C version Apple LLVM 13.0.0 (clang-1300.0.29.30), GMP version 6.2.1, MPFR version 3.1.6, MPC version 1.0.3, isl version isl-0.15-1-g835ea3a-GMP

GGC heuristics: --param ggc-min-expand=100 --param ggc-min-heapsize=131072
ignoring duplicate directory "/Users/petemahowald/.pico-sdk/toolchain/13_3_Rel1/bin/../lib/gcc/../../lib/gcc/arm-none-eabi/13.3.1/include"
ignoring nonexistent directory "/Users/petemahowald/.pico-sdk/toolchain/13_3_Rel1/bin/../arm-none-eabi/usr/local/include"
ignoring duplicate directory "/Users/petemahowald/.pico-sdk/toolchain/13_3_Rel1/bin/../lib/gcc/../../lib/gcc/arm-none-eabi/13.3.1/include-fixed"
ignoring duplicate directory "/Users/petemahowald/.pico-sdk/toolchain/13_3_Rel1/bin/../lib/gcc/../../lib/gcc/arm-none-eabi/13.3.1/../../../../arm-none-eabi/include"
ignoring duplicate directory "/Users/petemahowald/.pico-sdk/toolchain/13_3_Rel1/bin/../arm-none-eabi/include"
#include "..." search starts here:
#include <...> search starts here:
 /Users/petemahowald/.pico-sdk/toolchain/13_3_Rel1/bin/../lib/gcc/arm-none-eabi/13.3.1/include
 /Users/petemahowald/.pico-sdk/toolchain/13_3_Rel1/bin/../lib/gcc/arm-none-eabi/13.3.1/include-fixed
 /Users/petemahowald/.pico-sdk/toolchain/13_3_Rel1/bin/../lib/gcc/arm-none-eabi/13.3.1/../../../../arm-none-eabi/include
End of search list.
Compiler executable checksum: 1f3af632e8b95c7877a003ac172c463f
COLLECT_GCC_OPTIONS='-mcpu=cortex-m33' '-mthumb'  '-mfloat-abi=softfp' '-mcmse' '-v' '-std=gnu11' '-o' 'CMakeFiles/cmTC_0ae97.dir/CMakeCCompilerABI.c.o' '-c' '-mlibarch=armv8-m.main+dsp+fp' '-march=armv8-m.main+dsp+fp' '-dumpdir' 'CMakeFiles/cmTC_0ae97.dir/'
 /Users/petemahowald/.pico-sdk/toolchain/13_3_Rel1/bin/../lib/gcc/arm-none-eabi/13.3.1/../../../../arm-none-eabi/bin/as -v -march=armv8-m.main+dsp+fp -mfloat-abi=softfp -meabi=5 -o CMakeFiles/cmTC_0ae97.dir/CMakeCCompilerABI.c.o /var/folders/6m/lvns3_1x0rqd8tg93n7kmnpr0000gn/T//cccqIwp4.s
GNU assembler version 2.42.0 (arm-none-eabi) using BFD version (Arm GNU Toolchain 13.3.Rel1 (Build arm-13.24)) 2.42.0.20240614
COMPILER_PATH=/Users/petemahowald/.pico-sdk/toolchain/13_3_Rel1/bin/../libexec/gcc/arm-none-eabi/13.3.1/:/Users/petemahowald/.pico-sdk/toolchain/13_3_Rel1/bin/../libexec/gcc/:/Users/petemahowald/.pico-sdk/toolchain/13_3_Rel1/bin/../lib/gcc/arm-none-eabi/13.3.1/../../../../arm-none-eabi/bin/
LIBRARY_PATH=/Users/petemahowald/.pico-sdk/toolchain/13_3_Rel1/bin/../lib/gcc/arm-none-eabi/13.3.1/thumb/v8-m.main+fp/softfp/:/Users/petemahowald/.pico-sdk/toolchain/13_3_Rel1/bin/../lib/gcc/arm-none-eabi/13.3.1/../../../../arm-none-eabi/lib/thumb/v8-m.main+fp/softfp/:/Users/petemahowald/.pico-sdk/toolchain/13_3_Rel1/bin/../arm-none-eabi/lib/thumb/v8-m.main+fp/softfp/:/Users/petemahowald/.pico-sdk/toolchain/13_3_Rel1/bin/../lib/gcc/arm-none-eabi/13.3.1/:/Users/petemahowald/.pico-sdk/toolchain/13_3_Rel1/bin/../lib/gcc/:/Users/petemahowald/.pico-sdk/toolchain/13_3_Rel1/bin/../lib/gcc/arm-none-eabi/13.3.1/../../../../arm-none-eabi/lib/:/Users/petemahowald/.pico-sdk/toolchain/13_3_Rel1/bin/../arm-none-eabi/lib/
COLLECT_GCC_OPTIONS='-mcpu=cortex-m33' '-mthumb'  '-mfloat-abi=softfp' '-mcmse' '-v' '-std=gnu11' '-o' 'CMakeFiles/cmTC_0ae97.dir/CMakeCCompilerABI.c.o' '-c' '-mlibarch=armv8-m.main+dsp+fp' '-march=armv8-m.main+dsp+fp' '-dumpdir' 'CMakeFiles/cmTC_0ae97.dir/CMakeCCompilerABI.c.'
[2/2] Linking C executable cmTC_0ae97.elf
Using built-in specs.
COLLECT_GCC=/Users/petemahowald/.pico-sdk/toolchain/13_3_Rel1/bin/arm-none-eabi-gcc
COLLECT_LTO_WRAPPER=/Users/petemahowald/.pico-sdk/toolchain/13_3_Rel1/bin/../libexec/gcc/arm-none-eabi/13.3.1/lto-wrapper
Target: arm-none-eabi
Configured with: /Volumes/data/jenkins/workspace/GNU-toolchain/arm-13/src/gcc/configure --target=arm-none-eabi --prefix=/Volumes/data/jenkins/workspace/GNU-toolchain/arm-13/build-arm-none-eabi/install --with-gmp=/Volumes/data/jenkins/workspace/GNU-toolchain/arm-13/build-arm-none-eabi/host-tools --with-mpfr=/Volumes/data/jenkins/workspace/GNU-toolchain/arm-13/build-arm-none-eabi/host-tools --with-mpc=/Volumes/data/jenkins/workspace/GNU-toolchain/arm-13/build-arm-none-eabi/host-tools --with-isl=/Volumes/data/jenkins/workspace/GNU-toolchain/arm-13/build-arm-none-eabi/host-tools --disable-shared --disable-nls --disable-threads --disable-tls --enable-checking=release --enable-languages=c,c++,fortran --with-newlib --with-gnu-as --with-headers=yes --with-gnu-ld --with-native-system-header-dir=/include --with-sysroot=/Volumes/data/jenkins/workspace/GNU-toolchain/arm-13/build-arm-none-eabi/install/arm-none-eabi --with-multilib-list=aprofile,rmprofile --with-pkgversion='Arm GNU Toolchain 13.3.Rel1 (Build arm-13.24)' --with-bugurl=https://bugs.linaro.org/
Thread model: single
Supported LTO compression algorithms: zlib
gcc version 13.3.1 20240614 (Arm GNU Toolchain 13.3.Rel1 (Build arm-13.24)) 
COMPILER_PATH=/Users/petemahowald/.pico-sdk/toolchain/13_3_Rel1/bin/../libexec/gcc/arm-none-eabi/13.3.1/:/Users/petemahowald/.pico-sdk/toolchain/13_3_Rel1/bin/../libexec/gcc/:/Users/petemahowald/.pico-sdk/toolchain/13_3_Rel1/bin/../lib/gcc/arm-none-eabi/13.3.1/../../../../arm-none-eabi/bin/
LIBRARY_PATH=/Users/petemahowald/.pico-sdk/toolchain/13_3_Rel1/bin/../lib/gcc/arm-none-eabi/13.3.1/thumb/v8-m.main+fp/softfp/:/Users/petemahowald/.pico-sdk/toolchain/13_3_Rel1/bin/../lib/gcc/arm-none-eabi/13.3.1/../../../../arm-none-eabi/lib/thumb/v8-m.main+fp/softfp/:/Users/petemahowald/.pico-sdk/toolchain/13_3_Rel1/bin/../arm-none-eabi/lib/thumb/v8-m.main+fp/softfp/:/Users/petemahowald/.pico-sdk/toolchain/13_3_Rel1/bin/../lib/gcc/arm-none-eabi/13.3.1/:/Users/petemahowald/.pico-sdk/toolchain/13_3_Rel1/bin/../lib/gcc/:/Users/petemahowald/.pico-sdk/toolchain/13_3_Rel1/bin/../lib/gcc/arm-none-eabi/13.3.1/../../../../arm-none-eabi/lib/:/Users/petemahowald/.pico-sdk/toolchain/13_3_Rel1/bin/../arm-none-eabi/lib/
COLLECT_GCC_OPTIONS='-mcpu=cortex-m33' '-mthumb'  '-mfloat-abi=softfp' '-mcmse' '-nostdlib' '-v' '-o' 'cmTC_0ae97.elf' '-mlibarch=armv8-m.main+dsp+fp' '-march=armv8-m.main+dsp+fp' '-dumpdir' 'cmTC_0ae97.elf.'
 /Users/petemahowald/.pico-sdk/toolchain/13_3_Rel1/bin/../libexec/gcc/arm-none-eabi/13.3.1/collect2 -plugin /Users/petemahowald/.pico-sdk/toolchain/13_3_Rel1/bin/../libexec/gcc/arm-none-eabi/13.3.1/liblto_plugin.so -plugin-opt=/Users/petemahowald/.pico-sdk/toolchain/13_3_Rel1/bin/../libexec/gcc/arm-none-eabi/13.3.1/lto-wrapper -plugin-opt=-fresolution=/var/folders/6m/lvns3_1x0rqd8tg93n7kmnpr0000gn/T//ccO8wZYS.res --sysroot=/Users/petemahowald/.pico-sdk/toolchain/13_3_Rel1/bin/../arm-none-eabi -X -o cmTC_0ae97.elf -L/Users/petemahowald/.pico-sdk/toolchain/13_3_Rel1/bin/../lib/gcc/arm-none-eabi/13.3.1/thumb/v8-m.main+fp/softfp -L/Users/petemahowald/.pico-sdk/toolchain/13_3_Rel1/bin/../lib/gcc/arm-none-eabi/13.3.1/../../../../arm-none-eabi/lib/thumb/v8-m.main+fp/softfp -L/Users/petemahowald/.pico-sdk/toolchain/13_3_Rel1/bin/../arm-none-eabi/lib/thumb/v8-m.main+fp/softfp -L/Users/petemahowald/.pico-sdk/toolchain/13_3_Rel1/bin/../lib/gcc/arm-none-eabi/13.3.1 -L/Users/petemahowald/.pico-sdk/toolchain/13_3_Rel1/bin/../lib/gcc -L/Users/petemahowald/.pico-sdk/toolchain/13_3_Rel1/bin/../lib/gcc/arm-none-eabi/13.3.1/../../../../arm-none-eabi/lib -L/Users/petemahowald/.pico-sdk/toolchain/13_3_Rel1/bin/../arm-none-eabi/lib --build-id=none CMakeFiles/cmTC_0ae97.dir/CMakeCCompilerABI.c.o
/Users/petemahowald/.pico-sdk/toolchain/13_3_Rel1/bin/../lib/gcc/arm-none-eabi/13.3.1/../../../../arm-none-eabi/bin/ld: warning: cannot find entry symbol _start; defaulting to 00008000
COLLECT_GCC_OPTIONS='-mcpu=cortex-m33' '-mthumb'  '-mfloat-abi=softfp' '-mcmse' '-nostdlib' '-v' '-o' 'cmTC_0ae97.elf' '-mlibarch=armv8-m.main+dsp+fp' '-march=armv8-m.main+dsp+fp' '-dumpdir' 'cmTC_0ae97.elf.'



Parsed C implicit include dir info from above output: rv=done
  found start of include info
  found start of implicit include info
    add: [/Users/petemahowald/.pico-sdk/toolchain/13_3_Rel1/bin/../lib/gcc/arm-none-eabi/13.3.1/include]
    add: [/Users/petemahowald/.pico-sdk/toolchain/13_3_Rel1/bin/../lib/gcc/arm-none-eabi/13.3.1/include-fixed]
    add: [/Users/petemahowald/.pico-sdk/toolchain/13_3_Rel1/bin/../lib/gcc/arm-none-eabi/13.3.1/../../../../arm-none-eabi/include]
  end of search list found
  collapse include dir [/Users/petemahowald/.pico-sdk/toolchain/13_3_Rel1/bin/../lib/gcc/arm-none-eabi/13.3.1/include] ==> [/Users/petemahowald/.pico-sdk/toolchain/13_3_Rel1/lib/gcc/arm-none-eabi/13.3.1/include]
  collapse include dir [/Users/petemahowald/.pico-sdk/toolchain/13_3_Rel1/bin/../lib/gcc/arm-none-eabi/13.3.1/include-fixed] ==> [/Users/petemahowald/.pico-sdk/toolchain/13_3_Rel1/lib/gcc/arm-none-eabi/13.3.1/include-fixed]
  collapse include dir [/Users/petemahowald/.pico-sdk/toolchain/13_3_Rel1/bin/../lib/gcc/arm-none-eabi/13.3.1/../../../../arm-none-eabi/include] ==> [/Users/petemahowald/.pico-sdk/toolchain/13_3_Rel1/arm-none-eabi/include]
  implicit include dirs: [/Users/petemahowald/.pico-sdk/toolchain/13_3_Rel1/lib/gcc/arm-none-eabi/13.3.1/include;/Users/petemahowald/.pico-sdk/toolchain/13_3_Rel1/lib/gcc/arm-none-eabi/13.3.1/include-fixed;/Users/petemahowald/.pico-sdk/toolchain/13_3_Rel1/arm-none-eabi/include]


Parsed C implicit link information from above output:
  link line regex: [^( *|.*[/\])(arm-none-eabi-ld|CMAKE_LINK_STARTFILE-NOTFOUND|([^/\]+-)?ld|collect2)[^/\]*( |$)]
  ignore line: [Change Dir: /Users/petemahowald/Documents/pico/piLED/build/CMakeFiles/CMakeTmp]
  ignore line: []
  ignore line: [Run Build Command(s):/Users/petemahowald/.pico-sdk/ninja/v1.12.1/ninja cmTC_0ae97 && [1/2] Building C object CMakeFiles/cmTC_0ae97.dir/CMakeCCompilerABI.c.o]
  ignore line: [Using built-in specs.]
  ignore line: [COLLECT_GCC=/Users/petemahowald/.pico-sdk/toolchain/13_3_Rel1/bin/arm-none-eabi-gcc]
  ignore line: [Target: arm-none-eabi]
  ignore line: [Configured with: /Volumes/data/jenkins/workspace/GNU-toolchain/arm-13/src/gcc/configure --target=arm-none-eabi --prefix=/Volumes/data/jenkins/workspace/GNU-toolchain/arm-13/build-arm-none-eabi/install --with-gmp=/Volumes/data/jenkins/workspace/GNU-toolchain/arm-13/build-arm-none-eabi/host-tools --with-mpfr=/Volumes/data/jenkins/workspace/GNU-toolchain/arm-13/build-arm-none-eabi/host-tools --with-mpc=/Volumes/data/jenkins/workspace/GNU-toolchain/arm-13/build-arm-none-eabi/host-tools --with-isl=/Volumes/data/jenkins/workspace/GNU-toolchain/arm-13/build-arm-none-eabi/host-tools --disable-shared --disable-nls --disable-threads --disable-tls --enable-checking=release --enable-languages=c,c++,fortran --with-newlib --with-gnu-as --with-headers=yes --with-gnu-ld --with-native-system-header-dir=/include --with-sysroot=/Volumes/data/jenkins/workspace/GNU-toolchain/arm-13/build-arm-none-eabi/install/arm-none-eabi --with-multilib-list=aprofile,rmprofile --with-pkgversion='Arm GNU Toolchain 13.3.Rel1 (Build arm-13.24)' --with-bugurl=https://bugs.linaro.org/]
  ignore line: [Thread model: single]
  ignore line: [Supported LTO compression algorithms: zlib]
  ignore line: [gcc version 13.3.1 20240614 (Arm GNU Toolchain 13.3.Rel1 (Build arm-13.24)) ]
  ignore line: [COLLECT_GCC_OPTIONS='-mcpu=cortex-m33' '-mthumb'  '-mfloat-abi=softfp' '-mcmse' '-v' '-std=gnu11' '-o' 'CMakeFiles/cmTC_0ae97.dir/CMakeCCompilerABI.c.o' '-c' '-mlibarch=armv8-m.main+dsp+fp' '-march=armv8-m.main+dsp+fp' '-dumpdir' 'CMakeFiles/cmTC_0ae97.dir/']
  ignore line: [ /Users/petemahowald/.pico-sdk/toolchain/13_3_Rel1/bin/../libexec/gcc/arm-none-eabi/13.3.1/cc1 -quiet -v -imultilib thumb/v8-m.main+fp/softfp -iprefix /Users/petemahowald/.pico-sdk/toolchain/13_3_Rel1/bin/../lib/gcc/arm-none-eabi/13.3.1/ -isysroot /Users/petemahowald/.pico-sdk/toolchain/13_3_Rel1/bin/../arm-none-eabi -D__USES_INITFINI__ /opt/local/share/cmake-3.24/Modules/CMakeCCompilerABI.c -quiet -dumpdir CMakeFiles/cmTC_0ae97.dir/ -dumpbase CMakeCCompilerABI.c.c -dumpbase-ext .c -mcpu=cortex-m33 -mthumb -mfloat-abi=softfp -mcmse -mlibarch=armv8-m.main+dsp+fp -march=armv8-m.main+dsp+fp -std=gnu11 -version -o /var/folders/6m/lvns3_1x0rqd8tg93n7kmnpr0000gn/T//cccqIwp4.s]
  ignore line: [GNU C11 (Arm GNU Toolchain 13.3.Rel1 (Build arm-13.24)) version 13.3.1 20240614 (arm-none-eabi)]
  ignore line: [	compiled by GNU C version Apple LLVM 13.0.0 (clang-1300.0.29.30)  GMP version 6.2.1  MPFR version 3.1.6  MPC version 1.0.3  isl version isl-0.15-1-g835ea3a-GMP]
  ignore line: []
  ignore line: [GGC heuristics: --param ggc-min-expand=100 --param ggc-min-heapsize=131072]
  ignore line: [ignoring duplicate directory "/Users/petemahowald/.pico-sdk/toolchain/13_3_Rel1/bin/../lib/gcc/../../lib/gcc/arm-none-eabi/13.3.1/include"]
  ignore line: [ignoring nonexistent directory "/Users/petemahowald/.pico-sdk/toolchain/13_3_Rel1/bin/../arm-none-eabi/usr/local/include"]
  ignore line: [ignoring duplicate directory "/Users/petemahowald/.pico-sdk/toolchain/13_3_Rel1/bin/../lib/gcc/../../lib/gcc/arm-none-eabi/13.3.1/include-fixed"]
  ignore line: [ignoring duplicate directory "/Users/petemahowald/.pico-sdk/toolchain/13_3_Rel1/bin/../lib/gcc/../../lib/gcc/arm-none-eabi/13.3.1/../../../../arm-none-eabi/include"]
  ignore line: [ignoring duplicate directory "/Users/petemahowald/.pico-sdk/toolchain/13_3_Rel1/bin/../arm-none-eabi/include"]
  ignore line: [#include "..." search starts here:]
  ignore line: [#include <...> search starts here:]
  ignore line: [ /Users/petemahowald/.pico-sdk/toolchain/13_3_Rel1/bin/../lib/gcc/arm-none-eabi/13.3.1/include]
  ignore line: [ /Users/petemahowald/.pico-sdk/toolchain/13_3_Rel1/bin/../lib/gcc/arm-none-eabi/13.3.1/include-fixed]
  ignore line: [ /Users/petemahowald/.pico-sdk/toolchain/13_3_Rel1/bin/../lib/gcc/arm-none-eabi/13.3.1/../../../../arm-none-eabi/include]
  ignore line: [End of search list.]
  ignore line: [Compiler executable checksum: 1f3af632e8b95c7877a003ac172c463f]
  ignore line: [COLLECT_GCC_OPTIONS='-mcpu=cortex-m33' '-mthumb'  '-mfloat-abi=softfp' '-mcmse' '-v' '-std=gnu11' '-o' 'CMakeFiles/cmTC_0ae97.dir/CMakeCCompilerABI.c.o' '-c' '-mlibarch=armv8-m.main+dsp+fp' '-march=armv8-m.main+dsp+fp' '-dumpdir' 'CMakeFiles/cmTC_0ae97.dir/']
  ignore line: [ /Users/petemahowald/.pico-sdk/toolchain/13_3_Rel1/bin/../lib/gcc/arm-none-eabi/13.3.1/../../../../arm-none-eabi/bin/as -v -march=armv8-m.main+dsp+fp -mfloat-abi=softfp -meabi=5 -o CMakeFiles/cmTC_0ae97.dir/CMakeCCompilerABI.c.o /var/folders/6m/lvns3_1x0rqd8tg93n7kmnpr0000gn/T//cccqIwp4.s]
  ignore line: [GNU assembler version 2.42.0 (arm-none-eabi) using BFD version (Arm GNU Toolchain 13.3.Rel1 (Build arm-13.24)) 2.42.0.20240614]
  ignore line: [COMPILER_PATH=/Users/petemahowald/.pico-sdk/toolchain/13_3_Rel1/bin/../libexec/gcc/arm-none-eabi/13.3.1/:/Users/petemahowald/.pico-sdk/toolchain/13_3_Rel1/bin/../libexec/gcc/:/Users/petemahowald/.pico-sdk/toolchain/13_3_Rel1/bin/../lib/gcc/arm-none-eabi/13.3.1/../../../../arm-none-eabi/bin/]
  ignore line: [LIBRARY_PATH=/Users/petemahowald/.pico-sdk/toolchain/13_3_Rel1/bin/../lib/gcc/arm-none-eabi/13.3.1/thumb/v8-m.main+fp/softfp/:/Users/petemahowald/.pico-sdk/toolchain/13_3_Rel1/bin/../lib/gcc/arm-none-eabi/13.3.1/../../../../arm-none-eabi/lib/thumb/v8-m.main+fp/softfp/:/Users/petemahowald/.pico-sdk/toolchain/13_3_Rel1/bin/../arm-none-eabi/lib/thumb/v8-m.main+fp/softfp/:/Users/petemahowald/.pico-sdk/toolchain/13_3_Rel1/bin/../lib/gcc/arm-none-eabi/13.3.1/:/Users/petemahowald/.pico-sdk/toolchain/13_3_Rel1/bin/../lib/gcc/:/Users/petemahowald/.pico-sdk/toolchain/13_3_Rel1/bin/../lib/gcc/arm-none-eabi/13.3.1/../../../../arm-none-eabi/lib/:/Users/petemahowald/.pico-sdk/toolchain/13_3_Rel1/bin/../arm-none-eabi/lib/]
  ignore line: [COLLECT_GCC_OPTIONS='-mcpu=cortex-m33' '-mthumb'  '-mfloat-abi=softfp' '-mcmse' '-v' '-std=gnu11' '-o' 'CMakeFiles/cmTC_0ae97.dir/CMakeCCompilerABI.c.o' '-c' '-mlibarch=armv8-m.main+dsp+fp' '-march=armv8-m.main+dsp+fp' '-dumpdir' 'CMakeFiles/cmTC_0ae97.dir/CMakeCCompilerABI.c.']
  ignore line: [[2/2] Linking C executable cmTC_0ae97.elf]
  ignore line: [Using built-in specs.]
  ignore line: [COLLECT_GCC=/Users/petemahowald/.pico-sdk/toolchain/13_3_Rel1/bin/arm-none-eabi-gcc]
  ignore line: [COLLECT_LTO_WRAPPER=/Users/petemahowald/.pico-sdk/toolchain/13_3_Rel1/bin/../libexec/gcc/arm-none-eabi/13.3.1/lto-wrapper]
  ignore line: [Target: arm-none-eabi]
  ignore line: [Configured with: /Volumes/data/jenkins/workspace/GNU-toolchain/arm-13/src/gcc/configure --target=arm-none-eabi --prefix=/Volumes/data/jenkins/workspace/GNU-toolchain/arm-13/build-arm-none-eabi/install --with-gmp=/Volumes/data/jenkins/workspace/GNU-toolchain/arm-13/build-arm-none-eabi/host-tools --with-mpfr=/Volumes/data/jenkins/workspace/GNU-toolchain/arm-13/build-arm-none-eabi/host-tools --with-mpc=/Volumes/data/jenkins/workspace/GNU-toolchain/arm-13/build-arm-none-eabi/host-tools --with-isl=/Volumes/data/jenkins/workspace/GNU-toolchain/arm-13/build-arm-none-eabi/host-tools --disable-shared --disable-nls --disable-threads --disable-tls --enable-checking=release --enable-languages=c,c++,fortran --with-newlib --with-gnu-as --with-headers=yes --with-gnu-ld --with-native-system-header-dir=/include --with-sysroot=/Volumes/data/jenkins/workspace/GNU-toolchain/arm-13/build-arm-none-eabi/install/arm-none-eabi --with-multilib-list=aprofile,rmprofile --with-pkgversion='Arm GNU Toolchain 13.3.Rel1 (Build arm-13.24)' --with-bugurl=https://bugs.linaro.org/]
  ignore line: [Thread model: single]
  ignore line: [Supported LTO compression algorithms: zlib]
  ignore line: [gcc version 13.3.1 20240614 (Arm GNU Toolchain 13.3.Rel1 (Build arm-13.24)) ]
  ignore line: [COMPILER_PATH=/Users/petemahowald/.pico-sdk/toolchain/13_3_Rel1/bin/../libexec/gcc/arm-none-eabi/13.3.1/:/Users/petemahowald/.pico-sdk/toolchain/13_3_Rel1/bin/../libexec/gcc/:/Users/petemahowald/.pico-sdk/toolchain/13_3_Rel1/bin/../lib/gcc/arm-none-eabi/13.3.1/../../../../arm-none-eabi/bin/]
  ignore line: [LIBRARY_PATH=/Users/petemahowald/.pico-sdk/toolchain/13_3_Rel1/bin/../lib/gcc/arm-none-eabi/13.3.1/thumb/v8-m.main+fp/softfp/:/Users/petemahowald/.pico-sdk/toolchain/13_3_Rel1/bin/../lib/gcc/arm-none-eabi/13.3.1/../../../../arm-none-eabi/lib/thumb/v8-m.main+fp/softfp/:/Users/petemahowald/.pico-sdk/toolchain/13_3_Rel1/bin/../arm-none-eabi/lib/thumb/v8-m.main+fp/softfp/:/Users/petemahowald/.pico-sdk/toolchain/13_3_Rel1/bin/../lib/gcc/arm-none-eabi/13.3.1/:/Users/petemahowald/.pico-sdk/toolchain/13_3_Rel1/bin/../lib/gcc/:/Users/petemahowald/.pico-sdk/toolchain/13_3_Rel1/bin/../lib/gcc/arm-none-eabi/13.3.1/../../../../arm-none-eabi/lib/:/Users/petemahowald/.pico-sdk/toolchain/13_3_Rel1/bin/../arm-none-eabi/lib/]
  ignore line: [COLLECT_GCC_OPTIONS='-mcpu=cortex-m33' '-mthumb'  '-mfloat-abi=softfp' '-mcmse' '-nostdlib' '-v' '-o' 'cmTC_0ae97.elf' '-mlibarch=armv8-m.main+dsp+fp' '-march=armv8-m.main+dsp+fp' '-dumpdir' 'cmTC_0ae97.elf.']
  link line: [ /Users/petemahowald/.pico-sdk/toolchain/13_3_Rel1/bin/../libexec/gcc/arm-none-eabi/13.3.1/collect2 -plugin /Users/petemahowald/.pico-sdk/toolchain/13_3_Rel1/bin/../libexec/gcc/arm-none-eabi/13.3.1/liblto_plugin.so -plugin-opt=/Users/petemahowald/.pico-sdk/toolchain/13_3_Rel1/bin/../libexec/gcc/arm-none-eabi/13.3.1/lto-wrapper -plugin-opt=-fresolution=/var/folders/6m/lvns3_1x0rqd8tg93n7kmnpr0000gn/T//ccO8wZYS.res --sysroot=/Users/petemahowald/.pico-sdk/toolchain/13_3_Rel1/bin/../arm-none-eabi -X -o cmTC_0ae97.elf -L/Users/petemahowald/.pico-sdk/toolchain/13_3_Rel1/bin/../lib/gcc/arm-none-eabi/13.3.1/thumb/v8-m.main+fp/softfp -L/Users/petemahowald/.pico-sdk/toolchain/13_3_Rel1/bin/../lib/gcc/arm-none-eabi/13.3.1/../../../../arm-none-eabi/lib/thumb/v8-m.main+fp/softfp -L/Users/petemahowald/.pico-sdk/toolchain/13_3_Rel1/bin/../arm-none-eabi/lib/thumb/v8-m.main+fp/softfp -L/Users/petemahowald/.pico-sdk/toolchain/13_3_Rel1/bin/../lib/gcc/arm-none-eabi/13.3.1 -L/Users/petemahowald/.pico-sdk/toolchain/13_3_Rel1/bin/../lib/gcc -L/Users/petemahowald/.pico-sdk/toolchain/13_3_Rel1/bin/../lib/gcc/arm-none-eabi/13.3.1/../../../../arm-none-eabi/lib -L/Users/petemahowald/.pico-sdk/toolchain/13_3_Rel1/bin/../arm-none-eabi/lib --build-id=none CMakeFiles/cmTC_0ae97.dir/CMakeCCompilerABI.c.o]
    arg [/Users/petemahowald/.pico-sdk/toolchain/13_3_Rel1/bin/../libexec/gcc/arm-none-eabi/13.3.1/collect2] ==> ignore
    arg [-plugin] ==> ignore
    arg [/Users/petemahowald/.pico-sdk/toolchain/13_3_Rel1/bin/../libexec/gcc/arm-none-eabi/13.3.1/liblto_plugin.so] ==> ignore
    arg [-plugin-opt=/Users/petemahowald/.pico-sdk/toolchain/13_3_Rel1/bin/../libexec/gcc/arm-none-eabi/13.3.1/lto-wrapper] ==> ignore
    arg [-plugin-opt=-fresolution=/var/folders/6m/lvns3_1x0rqd8tg93n7kmnpr0000gn/T//ccO8wZYS.res] ==> ignore
    arg [--sysroot=/Users/petemahowald/.pico-sdk/toolchain/13_3_Rel1/bin/../arm-none-eabi] ==> ignore
    arg [-X] ==> ignore
    arg [-o] ==> ignore
    arg [cmTC_0ae97.elf] ==> ignore
    arg [-L/Users/petemahowald/.pico-sdk/toolchain/13_3_Rel1/bin/../lib/gcc/arm-none-eabi/13.3.1/thumb/v8-m.main+fp/softfp] ==> dir [/Users/petemahowald/.pico-sdk/toolchain/13_3_Rel1/bin/../lib/gcc/arm-none-eabi/13.3.1/thumb/v8-m.main+fp/softfp]
    arg [-L/Users/petemahowald/.pico-sdk/toolchain/13_3_Rel1/bin/../lib/gcc/arm-none-eabi/13.3.1/../../../../arm-none-eabi/lib/thumb/v8-m.main+fp/softfp] ==> dir [/Users/petemahowald/.pico-sdk/toolchain/13_3_Rel1/bin/../lib/gcc/arm-none-eabi/13.3.1/../../../../arm-none-eabi/lib/thumb/v8-m.main+fp/softfp]
    arg [-L/Users/petemahowald/.pico-sdk/toolchain/13_3_Rel1/bin/../arm-none-eabi/lib/thumb/v8-m.main+fp/softfp] ==> dir [/Users/petemahowald/.pico-sdk/toolchain/13_3_Rel1/bin/../arm-none-eabi/lib/thumb/v8-m.main+fp/softfp]
    arg [-L/Users/petemahowald/.pico-sdk/toolchain/13_3_Rel1/bin/../lib/gcc/arm-none-eabi/13.3.1] ==> dir [/Users/petemahowald/.pico-sdk/toolchain/13_3_Rel1/bin/../lib/gcc/arm-none-eabi/13.3.1]
    arg [-L/Users/petemahowald/.pico-sdk/toolchain/13_3_Rel1/bin/../lib/gcc] ==> dir [/Users/petemahowald/.pico-sdk/toolchain/13_3_Rel1/bin/../lib/gcc]
    arg [-L/Users/petemahowald/.pico-sdk/toolchain/13_3_Rel1/bin/../lib/gcc/arm-none-eabi/13.3.1/../../../../arm-none-eabi/lib] ==> dir [/Users/petemahowald/.pico-sdk/toolchain/13_3_Rel1/bin/../lib/gcc/arm-none-eabi/13.3.1/../../../../arm-none-eabi/lib]
    arg [-L/Users/petemahowald/.pico-sdk/toolchain/13_3_Rel1/bin/../arm-none-eabi/lib] ==> dir [/Users/petemahowald/.pico-sdk/toolchain/13_3_Rel1/bin/../arm-none-eabi/lib]
    arg [--build-id=none] ==> ignore
    arg [CMakeFiles/cmTC_0ae97.dir/CMakeCCompilerABI.c.o] ==> ignore
  collapse library dir [/Users/petemahowald/.pico-sdk/toolchain/13_3_Rel1/bin/../lib/gcc/arm-none-eabi/13.3.1/thumb/v8-m.main+fp/softfp] ==> [/Users/petemahowald/.pico-sdk/toolchain/13_3_Rel1/lib/gcc/arm-none-eabi/13.3.1/thumb/v8-m.main+fp/softfp]
  collapse library dir [/Users/petemahowald/.pico-sdk/toolchain/13_3_Rel1/bin/../lib/gcc/arm-none-eabi/13.3.1/../../../../arm-none-eabi/lib/thumb/v8-m.main+fp/softfp] ==> [/Users/petemahowald/.pico-sdk/toolchain/13_3_Rel1/arm-none-eabi/lib/thumb/v8-m.main+fp/softfp]
  collapse library dir [/Users/petemahowald/.pico-sdk/toolchain/13_3_Rel1/bin/../arm-none-eabi/lib/thumb/v8-m.main+fp/softfp] ==> [/Users/petemahowald/.pico-sdk/toolchain/13_3_Rel1/arm-none-eabi/lib/thumb/v8-m.main+fp/softfp]
  collapse library dir [/Users/petemahowald/.pico-sdk/toolchain/13_3_Rel1/bin/../lib/gcc/arm-none-eabi/13.3.1] ==> [/Users/petemahowald/.pico-sdk/toolchain/13_3_Rel1/lib/gcc/arm-none-eabi/13.3.1]
  collapse library dir [/Users/petemahowald/.pico-sdk/toolchain/13_3_Rel1/bin/../lib/gcc] ==> [/Users/petemahowald/.pico-sdk/toolchain/13_3_Rel1/lib/gcc]
  collapse library dir [/Users/petemahowald/.pico-sdk/toolchain/13_3_Rel1/bin/../lib/gcc/arm-none-eabi/13.3.1/../../../../arm-none-eabi/lib] ==> [/Users/petemahowald/.pico-sdk/toolchain/13_3_Rel1/arm-none-eabi/lib]
  collapse library dir [/Users/petemahowald/.pico-sdk/toolchain/13_3_Rel1/bin/../arm-none-eabi/lib] ==> [/Users/petemahowald/.pico-sdk/toolchain/13_3_Rel1/arm-none-eabi/lib]
  implicit libs: []
  implicit objs: []
  implicit dirs: [/Users/petemahowald/.pico-sdk/toolchain/13_3_Rel1/lib/gcc/arm-none-eabi/13.3.1/thumb/v8-m.main+fp/softfp;/Users/petemahowald/.pico-sdk/toolchain/13_3_Rel1/arm-none-eabi/lib/thumb/v8-m.main+fp/softfp;/Users/petemahowald/.pico-sdk/toolchain/13_3_Rel1/lib/gcc/arm-none-eabi/13.3.1;/Users/petemahowald/.pico-sdk/toolchain/13_3_Rel1/lib/gcc;/Users/petemahowald/.pico-sdk/toolchain/13_3_Rel1/arm-none-eabi/lib]
  implicit fwks: []


Detecting CXX compiler ABI info compiled with the following output:
Change Dir: /Users/petemahowald/Documents/pico/piLED/build/CMakeFiles/CMakeTmp

Run Build Command(s):/Users/petemahowald/.pico-sdk/ninja/v1.12.1/ninja cmTC_f4985 && [1/2] Building CXX object CMakeFiles/cmTC_f4985.dir/CMakeCXXCompilerABI.cpp.o
Using built-in specs.
COLLECT_GCC=/Users/petemahowald/.pico-sdk/toolchain/13_3_Rel1/bin/arm-none-eabi-g++
Target: arm-none-eabi
Configured with: /Volumes/data/jenkins/workspace/GNU-toolchain/arm-13/src/gcc/configure --target=arm-none-eabi --prefix=/Volumes/data/jenkins/workspace/GNU-toolchain/arm-13/build-arm-none-eabi/install --with-gmp=/Volumes/data/jenkins/workspace/GNU-toolchain/arm-13/build-arm-none-eabi/host-tools --with-mpfr=/Volumes/data/jenkins/workspace/GNU-toolchain/arm-13/build-arm-none-eabi/host-tools --with-mpc=/Volumes/data/jenkins/workspace/GNU-toolchain/arm-13/build-arm-none-eabi/host-tools --with-isl=/Volumes/data/jenkins/workspace/GNU-toolchain/arm-13/build-arm-none-eabi/host-tools --disable-shared --disable-nls --disable-threads --disable-tls --enable-checking=release --enable-languages=c,c++,fortran --with-newlib --with-gnu-as --with-headers=yes --with-gnu-ld --with-native-system-header-dir=/include --with-sysroot=/Volumes/data/jenkins/workspace/GNU-toolchain/arm-13/build-arm-none-eabi/install/arm-none-eabi --with-multilib-list=aprofile,rmprofile --with-pkgversion='Arm GNU Toolchain 13.3.Rel1 (Build arm-13.24)' --with-bugurl=https://bugs.linaro.org/
Thread model: single
Supported LTO compression algorithms: zlib
gcc version 13.3.1 20240614 (Arm GNU Toolchain 13.3.Rel1 (Build arm-13.24)) 
COLLECT_GCC_OPTIONS='-mcpu=cortex-m33' '-mthumb'  '-mfloat-abi=softfp' '-mcmse' '-v' '-std=gnu++17' '-o' 'CMakeFiles/cmTC_f4985.dir/CMakeCXXCompilerABI.cpp.o' '-c' '-mlibarch=armv8-m.main+dsp+fp' '-march=armv8-m.main+dsp+fp' '-dumpdir' 'CMakeFiles/cmTC_f4985.dir/'
 /Users/petemahowald/.pico-sdk/toolchain/13_3_Rel1/bin/../libexec/gcc/arm-none-eabi/13.3.1/cc1plus -quiet -v -imultilib thumb/v8-m.main+fp/softfp -iprefix /Users/petemahowald/.pico-sdk/toolchain/13_3_Rel1/bin/../lib/gcc/arm-none-eabi/13.3.1/ -isysroot /Users/petemahowald/.pico-sdk/toolchain/13_3_Rel1/bin/../arm-none-eabi -D__USES_INITFINI__ /opt/local/share/cmake-3.24/Modules/CMakeCXXCompilerABI.cpp -quiet -dumpdir CMakeFiles/cmTC_f4985.dir/ -dumpbase CMakeCXXCompilerABI.cpp.cpp -dumpbase-ext .cpp -mcpu=cortex-m33 -mthumb -mfloat-abi=softfp -mcmse -mlibarch=armv8-m.main+dsp+fp -march=armv8-m.main+dsp+fp -std=gnu++17 -version -o /var/folders/6m/lvns3_1x0rqd8tg93n7kmnpr0000gn/T//ccH5Ee75.s
GNU C++17 (Arm GNU Toolchain 13.3.Rel1 (Build arm-13.24)) version 13.3.1 20240614 (arm-none-eabi)
	compiled by GNU C version Apple LLVM 13.0.0 (clang-1300.0.29.30), GMP version 6.2.1, MPFR version 3.1.6, MPC version 1.0.3, isl version isl-0.15-1-g835ea3a-GMP

GGC heuristics: --param ggc-min-expand=100 --param ggc-min-heapsize=131072
ignoring duplicate directory "/Users/petemahowald/.pico-sdk/toolchain/13_3_Rel1/bin/../lib/gcc/../../lib/gcc/arm-none-eabi/13.3.1/../../../../arm-none-eabi/include/c++/13.3.1"
ignoring duplicate directory "/Users/petemahowald/.pico-sdk/toolchain/13_3_Rel1/bin/../lib/gcc/../../lib/gcc/arm-none-eabi/13.3.1/../../../../arm-none-eabi/include/c++/13.3.1/arm-none-eabi/thumb/v8-m.main+fp/softfp"
ignoring duplicate directory "/Users/petemahowald/.pico-sdk/toolchain/13_3_Rel1/bin/../lib/gcc/../../lib/gcc/arm-none-eabi/13.3.1/../../../../arm-none-eabi/include/c++/13.3.1/backward"
ignoring duplicate directory "/Users/petemahowald/.pico-sdk/toolchain/13_3_Rel1/bin/../lib/gcc/../../lib/gcc/arm-none-eabi/13.3.1/include"
ignoring nonexistent directory "/Users/petemahowald/.pico-sdk/toolchain/13_3_Rel1/bin/../arm-none-eabi/usr/local/include"
ignoring duplicate directory "/Users/petemahowald/.pico-sdk/toolchain/13_3_Rel1/bin/../lib/gcc/../../lib/gcc/arm-none-eabi/13.3.1/include-fixed"
ignoring duplicate directory "/Users/petemahowald/.pico-sdk/toolchain/13_3_Rel1/bin/../lib/gcc/../../lib/gcc/arm-none-eabi/13.3.1/../../../../arm-none-eabi/include"
ignoring duplicate directory "/Users/petemahowald/.pico-sdk/toolchain/13_3_Rel1/bin/../arm-none-eabi/include"
#include "..." search starts here:
#include <...> search starts here:
 /Users/petemahowald/.pico-sdk/toolchain/13_3_Rel1/bin/../lib/gcc/arm-none-eabi/13.3.1/../../../../arm-none-eabi/include/c++/13.3.1
 /Users/petemahowald/.pico-sdk/toolchain/13_3_Rel1/bin/../lib/gcc/arm-none-eabi/13.3.1/../../../../arm-none-eabi/include/c++/13.3.1/arm-none-eabi/thumb/v8-m.main+fp/softfp
 /Users/petemahowald/.pico-sdk/toolchain/13_3_Rel1/bin/../lib/gcc/arm-none-eabi/13.3.1/../../../../arm-none-eabi/include/c++/13.3.1/backward
 /Users/petemahowald/.pico-sdk/toolchain/13_3_Rel1/bin/../lib/gcc/arm-none-eabi/13.3.1/include
 /Users/petemahowald/.pico-sdk/toolchain/13_3_Rel1/bin/../lib/gcc/arm-none-eabi/13.3.1/include-fixed
 /Users/petemahowald/.pico-sdk/toolchain/13_3_Rel1/bin/../lib/gcc/arm-none-eabi/13.3.1/../../../../arm-none-eabi/include
End of search list.
Compiler executable checksum: 1db7fee203e7aaa1b59b043d54efd9f3
COLLECT_GCC_OPTIONS='-mcpu=cortex-m33' '-mthumb'  '-mfloat-abi=softfp' '-mcmse' '-v' '-std=gnu++17' '-o' 'CMakeFiles/cmTC_f4985.dir/CMakeCXXCompilerABI.cpp.o' '-c' '-mlibarch=armv8-m.main+dsp+fp' '-march=armv8-m.main+dsp+fp' '-dumpdir' 'CMakeFiles/cmTC_f4985.dir/'
 /Users/petemahowald/.pico-sdk/toolchain/13_3_Rel1/bin/../lib/gcc/arm-none-eabi/13.3.1/../../../../arm-none-eabi/bin/as -v -march=armv8-m.main+dsp+fp -mfloat-abi=softfp -meabi=5 -o CMakeFiles/cmTC_f4985.dir/CMakeCXXCompilerABI.cpp.o /var/folders/6m/lvns3_1x0rqd8tg93n7kmnpr0000gn/T//ccH5Ee75.s
GNU assembler version 2.42.0 (arm-none-eabi) using BFD version (Arm GNU Toolchain 13.3.Rel1 (Build arm-13.24)) 2.42.0.20240614
COMPILER_PATH=/Users/petemahowald/.pico-sdk/toolchain/13_3_Rel1/bin/../libexec/gcc/arm-none-eabi/13.3.1/:/Users/petemahowald/.pico-sdk/toolchain/13_3_Rel1/bin/../libexec/gcc/:/Users/petemahowald/.pico-sdk/toolchain/13_3_Rel1/bin/../lib/gcc/arm-none-eabi/13.3.1/../../../../arm-none-eabi/bin/
LIBRARY_PATH=/Users/petemahowald/.pico-sdk/toolchain/13_3_Rel1/bin/../lib/gcc/arm-none-eabi/13.3.1/thumb/v8-m.main+fp/softfp/:/Users/petemahowald/.pico-sdk/toolchain/13_3_Rel1/bin/../lib/gcc/arm-none-eabi/13.3.1/../../../../arm-none-eabi/lib/thumb/v8-m.main+fp/softfp/:/Users/petemahowald/.pico-sdk/toolchain/13_3_Rel1/bin/../arm-none-eabi/lib/thumb/v8-m.main+fp/softfp/:/Users/petemahowald/.pico-sdk/toolchain/13_3_Rel1/bin/../lib/gcc/arm-none-eabi/13.3.1/:/Users/petemahowald/.pico-sdk/toolchain/13_3_Rel1/bin/../lib/gcc/:/Users/petemahowald/.pico-sdk/toolchain/13_3_Rel1/bin/../lib/gcc/arm-none-eabi/13.3.1/../../../../arm-none-eabi/lib/:/Users/petemahowald/.pico-sdk/toolchain/13_3_Rel1/bin/../arm-none-eabi/lib/
COLLECT_GCC_OPTIONS='-mcpu=cortex-m33' '-mthumb'  '-mfloat-abi=softfp' '-mcmse' '-v' '-std=gnu++17' '-o' 'CMakeFiles/cmTC_f4985.dir/CMakeCXXCompilerABI.cpp.o' '-c' '-mlibarch=armv8-m.main+dsp+fp' '-march=armv8-m.main+dsp+fp' '-dumpdir' 'CMakeFiles/cmTC_f4985.dir/CMakeCXXCompilerABI.cpp.'
[2/2] Linking CXX executable cmTC_f4985.elf
Using built-in specs.
COLLECT_GCC=/Users/petemahowald/.pico-sdk/toolchain/13_3_Rel1/bin/arm-none-eabi-g++
COLLECT_LTO_WRAPPER=/Users/petemahowald/.pico-sdk/toolchain/13_3_Rel1/bin/../libexec/gcc/arm-none-eabi/13.3.1/lto-wrapper
Target: arm-none-eabi
Configured with: /Volumes/data/jenkins/workspace/GNU-toolchain/arm-13/src/gcc/configure --target=arm-none-eabi --prefix=/Volumes/data/jenkins/workspace/GNU-toolchain/arm-13/build-arm-none-eabi/install --with-gmp=/Volumes/data/jenkins/workspace/GNU-toolchain/arm-13/build-arm-none-eabi/host-tools --with-mpfr=/Volumes/data/jenkins/workspace/GNU-toolchain/arm-13/build-arm-none-eabi/host-tools --with-mpc=/Volumes/data/jenkins/workspace/GNU-toolchain/arm-13/build-arm-none-eabi/host-tools --with-isl=/Volumes/data/jenkins/workspace/GNU-toolchain/arm-13/build-arm-none-eabi/host-tools --disable-shared --disable-nls --disable-threads --disable-tls --enable-checking=release --enable-languages=c,c++,fortran --with-newlib --with-gnu-as --with-headers=yes --with-gnu-ld --with-native-system-header-dir=/include --with-sysroot=/Volumes/data/jenkins/workspace/GNU-toolchain/arm-13/build-arm-none-eabi/install/arm-none-eabi --with-multilib-list=aprofile,rmprofile --with-pkgversion='Arm GNU Toolchain 13.3.Rel1 (Build arm-13.24)' --with-bugurl=https://bugs.linaro.org/
Thread model: single
Supported LTO compression algorithms: zlib
gcc version 13.3.1 20240614 (Arm GNU Toolchain 13.3.Rel1 (Build arm-13.24)) 
COMPILER_PATH=/Users/petemahowald/.pico-sdk/toolchain/13_3_Rel1/bin/../libexec/gcc/arm-none-eabi/13.3.1/:/Users/petemahowald/.pico-sdk/toolchain/13_3_Rel1/bin/../libexec/gcc/:/Users/petemahowald/.pico-sdk/toolchain/13_3_Rel1/bin/../lib/gcc/arm-none-eabi/13.3.1/../../../../arm-none-eabi/bin/
LIBRARY_PATH=/Users/petemahowald/.pico-sdk/toolchain/13_3_Rel1/bin/../lib/gcc/arm-none-eabi/13.3.1/thumb/v8-m.main+fp/softfp/:/Users/petemahowald/.pico-sdk/toolchain/13_3_Rel1/bin/../lib/gcc/arm-none-eabi/13.3.1/../../../../arm-none-eabi/lib/thumb/v8-m.main+fp/softfp/:/Users/petemahowald/.pico-sdk/toolchain/13_3_Rel1/bin/../arm-none-eabi/lib/thumb/v8-m.main+fp/softfp/:/Users/petemahowald/.pico-sdk/toolchain/13_3_Rel1/bin/../lib/gcc/arm-none-eabi/13.3.1/:/Users/petemahowald/.pico-sdk/toolchain/13_3_Rel1/bin/../lib/gcc/:/Users/petemahowald/.pico-sdk/toolchain/13_3_Rel1/bin/../lib/gcc/arm-none-eabi/13.3.1/../../../../arm-none-eabi/lib/:/Users/petemahowald/.pico-sdk/toolchain/13_3_Rel1/bin/../arm-none-eabi/lib/
COLLECT_GCC_OPTIONS='-mcpu=cortex-m33' '-mthumb'  '-mfloat-abi=softfp' '-mcmse' '-nostdlib' '-v' '-o' 'cmTC_f4985.elf' '-mlibarch=armv8-m.main+dsp+fp' '-march=armv8-m.main+dsp+fp' '-dumpdir' 'cmTC_f4985.elf.'
 /Users/petemahowald/.pico-sdk/toolchain/13_3_Rel1/bin/../libexec/gcc/arm-none-eabi/13.3.1/collect2 -plugin /Users/petemahowald/.pico-sdk/toolchain/13_3_Rel1/bin/../libexec/gcc/arm-none-eabi/13.3.1/liblto_plugin.so -plugin-opt=/Users/petemahowald/.pico-sdk/toolchain/13_3_Rel1/bin/../libexec/gcc/arm-none-eabi/13.3.1/lto-wrapper -plugin-opt=-fresolution=/var/folders/6m/lvns3_1x0rqd8tg93n7kmnpr0000gn/T//ccUR62rG.res --sysroot=/Users/petemahowald/.pico-sdk/toolchain/13_3_Rel1/bin/../arm-none-eabi -X -o cmTC_f4985.elf -L/Users/petemahowald/.pico-sdk/toolchain/13_3_Rel1/bin/../lib/gcc/arm-none-eabi/13.3.1/thumb/v8-m.main+fp/softfp -L/Users/petemahowald/.pico-sdk/toolchain/13_3_Rel1/bin/../lib/gcc/arm-none-eabi/13.3.1/../../../../arm-none-eabi/lib/thumb/v8-m.main+fp/softfp -L/Users/petemahowald/.pico-sdk/toolchain/13_3_Rel1/bin/../arm-none-eabi/lib/thumb/v8-m.main+fp/softfp -L/Users/petemahowald/.pico-sdk/toolchain/13_3_Rel1/bin/../lib/gcc/arm-none-eabi/13.3.1 -L/Users/petemahowald/.pico-sdk/toolchain/13_3_Rel1/bin/../lib/gcc -L/Users/petemahowald/.pico-sdk/toolchain/13_3_Rel1/bin/../lib/gcc/arm-none-eabi/13.3.1/../../../../arm-none-eabi/lib -L/Users/petemahowald/.pico-sdk/toolchain/13_3_Rel1/bin/../arm-none-eabi/lib --build-id=none CMakeFiles/cmTC_f4985.dir/CMakeCXXCompilerABI.cpp.o
/Users/petemahowald/.pico-sdk/toolchain/13_3_Rel1/bin/../lib/gcc/arm-none-eabi/13.3.1/../../../../arm-none-eabi/bin/ld: warning: cannot find entry symbol _start; defaulting to 00008000
COLLECT_GCC_OPTIONS='-mcpu=cortex-m33' '-mthumb'  '-mfloat-abi=softfp' '-mcmse' '-nostdlib' '-v' '-o' 'cmTC_f4985.elf' '-mlibarch=armv8-m.main+dsp+fp' '-march=armv8-m.main+dsp+fp' '-dumpdir' 'cmTC_f4985.elf.'



Parsed CXX implicit include dir info from above output: rv=done
  found start of include info
  found start of implicit include info
    add: [/Users/petemahowald/.pico-sdk/toolchain/13_3_Rel1/bin/../lib/gcc/arm-none-eabi/13.3.1/../../../../arm-none-eabi/include/c++/13.3.1]
    add: [/Users/petemahowald/.pico-sdk/toolchain/13_3_Rel1/bin/../lib/gcc/arm-none-eabi/13.3.1/../../../../arm-none-eabi/include/c++/13.3.1/arm-none-eabi/thumb/v8-m.main+fp/softfp]
    add: [/Users/petemahowald/.pico-sdk/toolchain/13_3_Rel1/bin/../lib/gcc/arm-none-eabi/13.3.1/../../../../arm-none-eabi/include/c++/13.3.1/backward]
    add: [/Users/petemahowald/.pico-sdk/toolchain/13_3_Rel1/bin/../lib/gcc/arm-none-eabi/13.3.1/include]
    add: [/Users/petemahowald/.pico-sdk/toolchain/13_3_Rel1/bin/../lib/gcc/arm-none-eabi/13.3.1/include-fixed]
    add: [/Users/petemahowald/.pico-sdk/toolchain/13_3_Rel1/bin/../lib/gcc/arm-none-eabi/13.3.1/../../../../arm-none-eabi/include]
  end of search list found
  collapse include dir [/Users/petemahowald/.pico-sdk/toolchain/13_3_Rel1/bin/../lib/gcc/arm-none-eabi/13.3.1/../../../../arm-none-eabi/include/c++/13.3.1] ==> [/Users/petemahowald/.pico-sdk/toolchain/13_3_Rel1/arm-none-eabi/include/c++/13.3.1]
  collapse include dir [/Users/petemahowald/.pico-sdk/toolchain/13_3_Rel1/bin/../lib/gcc/arm-none-eabi/13.3.1/../../../../arm-none-eabi/include/c++/13.3.1/arm-none-eabi/thumb/v8-m.main+fp/softfp] ==> [/Users/petemahowald/.pico-sdk/toolchain/13_3_Rel1/arm-none-eabi/include/c++/13.3.1/arm-none-eabi/thumb/v8-m.main+fp/softfp]
  collapse include dir [/Users/petemahowald/.pico-sdk/toolchain/13_3_Rel1/bin/../lib/gcc/arm-none-eabi/13.3.1/../../../../arm-none-eabi/include/c++/13.3.1/backward] ==> [/Users/petemahowald/.pico-sdk/toolchain/13_3_Rel1/arm-none-eabi/include/c++/13.3.1/backward]
  collapse include dir [/Users/petemahowald/.pico-sdk/toolchain/13_3_Rel1/bin/../lib/gcc/arm-none-eabi/13.3.1/include] ==> [/Users/petemahowald/.pico-sdk/toolchain/13_3_Rel1/lib/gcc/arm-none-eabi/13.3.1/include]
  collapse include dir [/Users/petemahowald/.pico-sdk/toolchain/13_3_Rel1/bin/../lib/gcc/arm-none-eabi/13.3.1/include-fixed] ==> [/Users/petemahowald/.pico-sdk/toolchain/13_3_Rel1/lib/gcc/arm-none-eabi/13.3.1/include-fixed]
  collapse include dir [/Users/petemahowald/.pico-sdk/toolchain/13_3_Rel1/bin/../lib/gcc/arm-none-eabi/13.3.1/../../../../arm-none-eabi/include] ==> [/Users/petemahowald/.pico-sdk/toolchain/13_3_Rel1/arm-none-eabi/include]
  implicit include dirs: [/Users/petemahowald/.pico-sdk/toolchain/13_3_Rel1/arm-none-eabi/include/c++/13.3.1;/Users/petemahowald/.pico-sdk/toolchain/13_3_Rel1/arm-none-eabi/include/c++/13.3.1/arm-none-eabi/thumb/v8-m.main+fp/softfp;/Users/petemahowald/.pico-sdk/toolchain/13_3_Rel1/arm-none-eabi/include/c++/13.3.1/backward;/Users/petemahowald/.pico-sdk/toolchain/13_3_Rel1/lib/gcc/arm-none-eabi/13.3.1/include;/Users/petemahowald/.pico-sdk/toolchain/13_3_Rel1/lib/gcc/arm-none-eabi/13.3.1/include-fixed;/Users/petemahowald/.pico-sdk/toolchain/13_3_Rel1/arm-none-eabi/include]


Parsed CXX implicit link information from above output:
  link line regex: [^( *|.*[/\])(arm-none-eabi-ld|CMAKE_LINK_STARTFILE-NOTFOUND|([^/\]+-)?ld|collect2)[^/\]*( |$)]
  ignore line: [Change Dir: /Users/petemahowald/Documents/pico/piLED/build/CMakeFiles/CMakeTmp]
  ignore line: []
  ignore line: [Run Build Command(s):/Users/petemahowald/.pico-sdk/ninja/v1.12.1/ninja cmTC_f4985 && [1/2] Building CXX object CMakeFiles/cmTC_f4985.dir/CMakeCXXCompilerABI.cpp.o]
  ignore line: [Using built-in specs.]
  ignore line: [COLLECT_GCC=/Users/petemahowald/.pico-sdk/toolchain/13_3_Rel1/bin/arm-none-eabi-g++]
  ignore line: [Target: arm-none-eabi]
  ignore line: [Configured with: /Volumes/data/jenkins/workspace/GNU-toolchain/arm-13/src/gcc/configure --target=arm-none-eabi --prefix=/Volumes/data/jenkins/workspace/GNU-toolchain/arm-13/build-arm-none-eabi/install --with-gmp=/Volumes/data/jenkins/workspace/GNU-toolchain/arm-13/build-arm-none-eabi/host-tools --with-mpfr=/Volumes/data/jenkins/workspace/GNU-toolchain/arm-13/build-arm-none-eabi/host-tools --with-mpc=/Volumes/data/jenkins/workspace/GNU-toolchain/arm-13/build-arm-none-eabi/host-tools --with-isl=/Volumes/data/jenkins/workspace/GNU-toolchain/arm-13/build-arm-none-eabi/host-tools --disable-shared --disable-nls --disable-threads --disable-tls --enable-checking=release --enable-languages=c,c++,fortran --with-newlib --with-gnu-as --with-headers=yes --with-gnu-ld --with-native-system-header-dir=/include --with-sysroot=/Volumes/data/jenkins/workspace/GNU-toolchain/arm-13/build-arm-none-eabi/install/arm-none-eabi --with-multilib-list=aprofile,rmprofile --with-pkgversion='Arm GNU Toolchain 13.3.Rel1 (Build arm-13.24)' --with-bugurl=https://bugs.linaro.org/]
  ignore line: [Thread model: single]
  ignore line: [Supported LTO compression algorithms: zlib]
  ignore line: [gcc version 13.3.1 20240614 (Arm GNU Toolchain 13.3.Rel1 (Build arm-13.24)) ]
  ignore line: [COLLECT_GCC_OPTIONS='-mcpu=cortex-m33' '-mthumb'  '-mfloat-abi=softfp' '-mcmse' '-v' '-std=gnu++17' '-o' 'CMakeFiles/cmTC_f4985.dir/CMakeCXXCompilerABI.cpp.o' '-c' '-mlibarch=armv8-m.main+dsp+fp' '-march=armv8-m.main+dsp+fp' '-dumpdir' 'CMakeFiles/cmTC_f4985.dir/']
  ignore line: [ /Users/petemahowald/.pico-sdk/toolchain/13_3_Rel1/bin/../libexec/gcc/arm-none-eabi/13.3.1/cc1plus -quiet -v -imultilib thumb/v8-m.main+fp/softfp -iprefix /Users/petemahowald/.pico-sdk/toolchain/13_3_Rel1/bin/../lib/gcc/arm-none-eabi/13.3.1/ -isysroot /Users/petemahowald/.pico-sdk/toolchain/13_3_Rel1/bin/../arm-none-eabi -D__USES_INITFINI__ /opt/local/share/cmake-3.24/Modules/CMakeCXXCompilerABI.cpp -quiet -dumpdir CMakeFiles/cmTC_f4985.dir/ -dumpbase CMakeCXXCompilerABI.cpp.cpp -dumpbase-ext .cpp -mcpu=cortex-m33 -mthumb -mfloat-abi=softfp -mcmse -mlibarch=armv8-m.main+dsp+fp -march=armv8-m.main+dsp+fp -std=gnu++17 -version -o /var/folders/6m/lvns3_1x0rqd8tg93n7kmnpr0000gn/T//ccH5Ee75.s]
  ignore line: [GNU C++17 (Arm GNU Toolchain 13.3.Rel1 (Build arm-13.24)) version 13.3.1 20240614 (arm-none-eabi)]
  ignore line: [	compiled by GNU C version Apple LLVM 13.0.0 (clang-1300.0.29.30)  GMP version 6.2.1  MPFR version 3.1.6  MPC version 1.0.3  isl version isl-0.15-1-g835ea3a-GMP]
  ignore line: []
  ignore line: [GGC heuristics: --param ggc-min-expand=100 --param ggc-min-heapsize=131072]
  ignore line: [ignoring duplicate directory "/Users/petemahowald/.pico-sdk/toolchain/13_3_Rel1/bin/../lib/gcc/../../lib/gcc/arm-none-eabi/13.3.1/../../../../arm-none-eabi/include/c++/13.3.1"]
  ignore line: [ignoring duplicate directory "/Users/petemahowald/.pico-sdk/toolchain/13_3_Rel1/bin/../lib/gcc/../../lib/gcc/arm-none-eabi/13.3.1/../../../../arm-none-eabi/include/c++/13.3.1/arm-none-eabi/thumb/v8-m.main+fp/softfp"]
  ignore line: [ignoring duplicate directory "/Users/petemahowald/.pico-sdk/toolchain/13_3_Rel1/bin/../lib/gcc/../../lib/gcc/arm-none-eabi/13.3.1/../../../../arm-none-eabi/include/c++/13.3.1/backward"]
  ignore line: [ignoring duplicate directory "/Users/petemahowald/.pico-sdk/toolchain/13_3_Rel1/bin/../lib/gcc/../../lib/gcc/arm-none-eabi/13.3.1/include"]
  ignore line: [ignoring nonexistent directory "/Users/petemahowald/.pico-sdk/toolchain/13_3_Rel1/bin/../arm-none-eabi/usr/local/include"]
  ignore line: [ignoring duplicate directory "/Users/petemahowald/.pico-sdk/toolchain/13_3_Rel1/bin/../lib/gcc/../../lib/gcc/arm-none-eabi/13.3.1/include-fixed"]
  ignore line: [ignoring duplicate directory "/Users/petemahowald/.pico-sdk/toolchain/13_3_Rel1/bin/../lib/gcc/../../lib/gcc/arm-none-eabi/13.3.1/../../../../arm-none-eabi/include"]
  ignore line: [ignoring duplicate directory "/Users/petemahowald/.pico-sdk/toolchain/13_3_Rel1/bin/../arm-none-eabi/include"]
  ignore line: [#include "..." search starts here:]
  ignore line: [#include <...> search starts here:]
  ignore line: [ /Users/petemahowald/.pico-sdk/toolchain/13_3_Rel1/bin/../lib/gcc/arm-none-eabi/13.3.1/../../../../arm-none-eabi/include/c++/13.3.1]
  ignore line: [ /Users/petemahowald/.pico-sdk/toolchain/13_3_Rel1/bin/../lib/gcc/arm-none-eabi/13.3.1/../../../../arm-none-eabi/include/c++/13.3.1/arm-none-eabi/thumb/v8-m.main+fp/softfp]
  ignore line: [ /Users/petemahowald/.pico-sdk/toolchain/13_3_Rel1/bin/../lib/gcc/arm-none-eabi/13.3.1/../../../../arm-none-eabi/include/c++/13.3.1/backward]
  ignore line: [ /Users/petemahowald/.pico-sdk/toolchain/13_3_Rel1/bin/../lib/gcc/arm-none-eabi/13.3.1/include]
  ignore line: [ /Users/petemahowald/.pico-sdk/toolchain/13_3_Rel1/bin/../lib/gcc/arm-none-eabi/13.3.1/include-fixed]
  ignore line: [ /Users/petemahowald/.pico-sdk/toolchain/13_3_Rel1/bin/../lib/gcc/arm-none-eabi/13.3.1/../../../../arm-none-eabi/include]
  ignore line: [End of search list.]
  ignore line: [Compiler executable checksum: 1db7fee203e7aaa1b59b043d54efd9f3]
  ignore line: [COLLECT_GCC_OPTIONS='-mcpu=cortex-m33' '-mthumb'  '-mfloat-abi=softfp' '-mcmse' '-v' '-std=gnu++17' '-o' 'CMakeFiles/cmTC_f4985.dir/CMakeCXXCompilerABI.cpp.o' '-c' '-mlibarch=armv8-m.main+dsp+fp' '-march=armv8-m.main+dsp+fp' '-dumpdir' 'CMakeFiles/cmTC_f4985.dir/']
  ignore line: [ /Users/petemahowald/.pico-sdk/toolchain/13_3_Rel1/bin/../lib/gcc/arm-none-eabi/13.3.1/../../../../arm-none-eabi/bin/as -v -march=armv8-m.main+dsp+fp -mfloat-abi=softfp -meabi=5 -o CMakeFiles/cmTC_f4985.dir/CMakeCXXCompilerABI.cpp.o /var/folders/6m/lvns3_1x0rqd8tg93n7kmnpr0000gn/T//ccH5Ee75.s]
  ignore line: [GNU assembler version 2.42.0 (arm-none-eabi) using BFD version (Arm GNU Toolchain 13.3.Rel1 (Build arm-13.24)) 2.42.0.20240614]
  ignore line: [COMPILER_PATH=/Users/petemahowald/.pico-sdk/toolchain/13_3_Rel1/bin/../libexec/gcc/arm-none-eabi/13.3.1/:/Users/petemahowald/.pico-sdk/toolchain/13_3_Rel1/bin/../libexec/gcc/:/Users/petemahowald/.pico-sdk/toolchain/13_3_Rel1/bin/../lib/gcc/arm-none-eabi/13.3.1/../../../../arm-none-eabi/bin/]
  ignore line: [LIBRARY_PATH=/Users/petemahowald/.pico-sdk/toolchain/13_3_Rel1/bin/../lib/gcc/arm-none-eabi/13.3.1/thumb/v8-m.main+fp/softfp/:/Users/petemahowald/.pico-sdk/toolchain/13_3_Rel1/bin/../lib/gcc/arm-none-eabi/13.3.1/../../../../arm-none-eabi/lib/thumb/v8-m.main+fp/softfp/:/Users/petemahowald/.pico-sdk/toolchain/13_3_Rel1/bin/../arm-none-eabi/lib/thumb/v8-m.main+fp/softfp/:/Users/petemahowald/.pico-sdk/toolchain/13_3_Rel1/bin/../lib/gcc/arm-none-eabi/13.3.1/:/Users/petemahowald/.pico-sdk/toolchain/13_3_Rel1/bin/../lib/gcc/:/Users/petemahowald/.pico-sdk/toolchain/13_3_Rel1/bin/../lib/gcc/arm-none-eabi/13.3.1/../../../../arm-none-eabi/lib/:/Users/petemahowald/.pico-sdk/toolchain/13_3_Rel1/bin/../arm-none-eabi/lib/]
  ignore line: [COLLECT_GCC_OPTIONS='-mcpu=cortex-m33' '-mthumb'  '-mfloat-abi=softfp' '-mcmse' '-v' '-std=gnu++17' '-o' 'CMakeFiles/cmTC_f4985.dir/CMakeCXXCompilerABI.cpp.o' '-c' '-mlibarch=armv8-m.main+dsp+fp' '-march=armv8-m.main+dsp+fp' '-dumpdir' 'CMakeFiles/cmTC_f4985.dir/CMakeCXXCompilerABI.cpp.']
  ignore line: [[2/2] Linking CXX executable cmTC_f4985.elf]
  ignore line: [Using built-in specs.]
  ignore line: [COLLECT_GCC=/Users/petemahowald/.pico-sdk/toolchain/13_3_Rel1/bin/arm-none-eabi-g++]
  ignore line: [COLLECT_LTO_WRAPPER=/Users/petemahowald/.pico-sdk/toolchain/13_3_Rel1/bin/../libexec/gcc/arm-none-eabi/13.3.1/lto-wrapper]
  ignore line: [Target: arm-none-eabi]
  ignore line: [Configured with: /Volumes/data/jenkins/workspace/GNU-toolchain/arm-13/src/gcc/configure --target=arm-none-eabi --prefix=/Volumes/data/jenkins/workspace/GNU-toolchain/arm-13/build-arm-none-eabi/install --with-gmp=/Volumes/data/jenkins/workspace/GNU-toolchain/arm-13/build-arm-none-eabi/host-tools --with-mpfr=/Volumes/data/jenkins/workspace/GNU-toolchain/arm-13/build-arm-none-eabi/host-tools --with-mpc=/Volumes/data/jenkins/workspace/GNU-toolchain/arm-13/build-arm-none-eabi/host-tools --with-isl=/Volumes/data/jenkins/workspace/GNU-toolchain/arm-13/build-arm-none-eabi/host-tools --disable-shared --disable-nls --disable-threads --disable-tls --enable-checking=release --enable-languages=c,c++,fortran --with-newlib --with-gnu-as --with-headers=yes --with-gnu-ld --with-native-system-header-dir=/include --with-sysroot=/Volumes/data/jenkins/workspace/GNU-toolchain/arm-13/build-arm-none-eabi/install/arm-none-eabi --with-multilib-list=aprofile,rmprofile --with-pkgversion='Arm GNU Toolchain 13.3.Rel1 (Build arm-13.24)' --with-bugurl=https://bugs.linaro.org/]
  ignore line: [Thread model: single]
  ignore line: [Supported LTO compression algorithms: zlib]
  ignore line: [gcc version 13.3.1 20240614 (Arm GNU Toolchain 13.3.Rel1 (Build arm-13.24)) ]
  ignore line: [COMPILER_PATH=/Users/petemahowald/.pico-sdk/toolchain/13_3_Rel1/bin/../libexec/gcc/arm-none-eabi/13.3.1/:/Users/petemahowald/.pico-sdk/toolchain/13_3_Rel1/bin/../libexec/gcc/:/Users/petemahowald/.pico-sdk/toolchain/13_3_Rel1/bin/../lib/gcc/arm-none-eabi/13.3.1/../../../../arm-none-eabi/bin/]
  ignore line: [LIBRARY_PATH=/Users/petemahowald/.pico-sdk/toolchain/13_3_Rel1/bin/../lib/gcc/arm-none-eabi/13.3.1/thumb/v8-m.main+fp/softfp/:/Users/petemahowald/.pico-sdk/toolchain/13_3_Rel1/bin/../lib/gcc/arm-none-eabi/13.3.1/../../../../arm-none-eabi/lib/thumb/v8-m.main+fp/softfp/:/Users/petemahowald/.pico-sdk/toolchain/13_3_Rel1/bin/../arm-none-eabi/lib/thumb/v8-m.main+fp/softfp/:/Users/petemahowald/.pico-sdk/toolchain/13_3_Rel1/bin/../lib/gcc/arm-none-eabi/13.3.1/:/Users/petemahowald/.pico-sdk/toolchain/13_3_Rel1/bin/../lib/gcc/:/Users/petemahowald/.pico-sdk/toolchain/13_3_Rel1/bin/../lib/gcc/arm-none-eabi/13.3.1/../../../../arm-none-eabi/lib/:/Users/petemahowald/.pico-sdk/toolchain/13_3_Rel1/bin/../arm-none-eabi/lib/]
  ignore line: [COLLECT_GCC_OPTIONS='-mcpu=cortex-m33' '-mthumb'  '-mfloat-abi=softfp' '-mcmse' '-nostdlib' '-v' '-o' 'cmTC_f4985.elf' '-mlibarch=armv8-m.main+dsp+fp' '-march=armv8-m.main+dsp+fp' '-dumpdir' 'cmTC_f4985.elf.']
  link line: [ /Users/petemahowald/.pico-sdk/toolchain/13_3_Rel1/bin/../libexec/gcc/arm-none-eabi/13.3.1/collect2 -plugin /Users/petemahowald/.pico-sdk/toolchain/13_3_Rel1/bin/../libexec/gcc/arm-none-eabi/13.3.1/liblto_plugin.so -plugin-opt=/Users/petemahowald/.pico-sdk/toolchain/13_3_Rel1/bin/../libexec/gcc/arm-none-eabi/13.3.1/lto-wrapper -plugin-opt=-fresolution=/var/folders/6m/lvns3_1x0rqd8tg93n7kmnpr0000gn/T//ccUR62rG.res --sysroot=/Users/petemahowald/.pico-sdk/toolchain/13_3_Rel1/bin/../arm-none-eabi -X -o cmTC_f4985.elf -L/Users/petemahowald/.pico-sdk/toolchain/13_3_Rel1/bin/../lib/gcc/arm-none-eabi/13.3.1/thumb/v8-m.main+fp/softfp -L/Users/petemahowald/.pico-sdk/toolchain/13_3_Rel1/bin/../lib/gcc/arm-none-eabi/13.3.1/../../../../arm-none-eabi/lib/thumb/v8-m.main+fp/softfp -L/Users/petemahowald/.pico-sdk/toolchain/13_3_Rel1/bin/../arm-none-eabi/lib/thumb/v8-m.main+fp/softfp -L/Users/petemahowald/.pico-sdk/toolchain/13_3_Rel1/bin/../lib/gcc/arm-none-eabi/13.3.1 -L/Users/petemahowald/.pico-sdk/toolchain/13_3_Rel1/bin/../lib/gcc -L/Users/petemahowald/.pico-sdk/toolchain/13_3_Rel1/bin/../lib/gcc/arm-none-eabi/13.3.1/../../../../arm-none-eabi/lib -L/Users/petemahowald/.pico-sdk/toolchain/13_3_Rel1/bin/../arm-none-eabi/lib --build-id=none CMakeFiles/cmTC_f4985.dir/CMakeCXXCompilerABI.cpp.o]
    arg [/Users/petemahowald/.pico-sdk/toolchain/13_3_Rel1/bin/../libexec/gcc/arm-none-eabi/13.3.1/collect2] ==> ignore
    arg [-plugin] ==> ignore
    arg [/Users/petemahowald/.pico-sdk/toolchain/13_3_Rel1/bin/../libexec/gcc/arm-none-eabi/13.3.1/liblto_plugin.so] ==> ignore
    arg [-plugin-opt=/Users/petemahowald/.pico-sdk/toolchain/13_3_Rel1/bin/../libexec/gcc/arm-none-eabi/13.3.1/lto-wrapper] ==> ignore
    arg [-plugin-opt=-fresolution=/var/folders/6m/lvns3_1x0rqd8tg93n7kmnpr0000gn/T//ccUR62rG.res] ==> ignore
    arg [--sysroot=/Users/petemahowald/.pico-sdk/toolchain/13_3_Rel1/bin/../arm-none-eabi] ==> ignore
    arg [-X] ==> ignore
    arg [-o] ==> ignore
    arg [cmTC_f4985.elf] ==> ignore
    arg [-L/Users/petemahowald/.pico-sdk/toolchain/13_3_Rel1/bin/../lib/gcc/arm-none-eabi/13.3.1/thumb/v8-m.main+fp/softfp] ==> dir [/Users/petemahowald/.pico-sdk/toolchain/13_3_Rel1/bin/../lib/gcc/arm-none-eabi/13.3.1/thumb/v8-m.main+fp/softfp]
    arg [-L/Users/petemahowald/.pico-sdk/toolchain/13_3_Rel1/bin/../lib/gcc/arm-none-eabi/13.3.1/../../../../arm-none-eabi/lib/thumb/v8-m.main+fp/softfp] ==> dir [/Users/petemahowald/.pico-sdk/toolchain/13_3_Rel1/bin/../lib/gcc/arm-none-eabi/13.3.1/../../../../arm-none-eabi/lib/thumb/v8-m.main+fp/softfp]
    arg [-L/Users/petemahowald/.pico-sdk/toolchain/13_3_Rel1/bin/../arm-none-eabi/lib/thumb/v8-m.main+fp/softfp] ==> dir [/Users/petemahowald/.pico-sdk/toolchain/13_3_Rel1/bin/../arm-none-eabi/lib/thumb/v8-m.main+fp/softfp]
    arg [-L/Users/petemahowald/.pico-sdk/toolchain/13_3_Rel1/bin/../lib/gcc/arm-none-eabi/13.3.1] ==> dir [/Users/petemahowald/.pico-sdk/toolchain/13_3_Rel1/bin/../lib/gcc/arm-none-eabi/13.3.1]
    arg [-L/Users/petemahowald/.pico-sdk/toolchain/13_3_Rel1/bin/../lib/gcc] ==> dir [/Users/petemahowald/.pico-sdk/toolchain/13_3_Rel1/bin/../lib/gcc]
    arg [-L/Users/petemahowald/.pico-sdk/toolchain/13_3_Rel1/bin/../lib/gcc/arm-none-eabi/13.3.1/../../../../arm-none-eabi/lib] ==> dir [/Users/petemahowald/.pico-sdk/toolchain/13_3_Rel1/bin/../lib/gcc/arm-none-eabi/13.3.1/../../../../arm-none-eabi/lib]
    arg [-L/Users/petemahowald/.pico-sdk/toolchain/13_3_Rel1/bin/../arm-none-eabi/lib] ==> dir [/Users/petemahowald/.pico-sdk/toolchain/13_3_Rel1/bin/../arm-none-eabi/lib]
    arg [--build-id=none] ==> ignore
    arg [CMakeFiles/cmTC_f4985.dir/CMakeCXXCompilerABI.cpp.o] ==> ignore
  collapse library dir [/Users/petemahowald/.pico-sdk/toolchain/13_3_Rel1/bin/../lib/gcc/arm-none-eabi/13.3.1/thumb/v8-m.main+fp/softfp] ==> [/Users/petemahowald/.pico-sdk/toolchain/13_3_Rel1/lib/gcc/arm-none-eabi/13.3.1/thumb/v8-m.main+fp/softfp]
  collapse library dir [/Users/petemahowald/.pico-sdk/toolchain/13_3_Rel1/bin/../lib/gcc/arm-none-eabi/13.3.1/../../../../arm-none-eabi/lib/thumb/v8-m.main+fp/softfp] ==> [/Users/petemahowald/.pico-sdk/toolchain/13_3_Rel1/arm-none-eabi/lib/thumb/v8-m.main+fp/softfp]
  collapse library dir [/Users/petemahowald/.pico-sdk/toolchain/13_3_Rel1/bin/../arm-none-eabi/lib/thumb/v8-m.main+fp/softfp] ==> [/Users/petemahowald/.pico-sdk/toolchain/13_3_Rel1/arm-none-eabi/lib/thumb/v8-m.main+fp/softfp]
  collapse library dir [/Users/petemahowald/.pico-sdk/toolchain/13_3_Rel1/bin/../lib/gcc/arm-none-eabi/13.3.1] ==> [/Users/petemahowald/.pico-sdk/toolchain/13_3_Rel1/lib/gcc/arm-none-eabi/13.3.1]
  collapse library dir [/Users/petemahowald/.pico-sdk/toolchain/13_3_Rel1/bin/../lib/gcc] ==> [/Users/petemahowald/.pico-sdk/toolchain/13_3_Rel1/lib/gcc]
  collapse library dir [/Users/petemahowald/.pico-sdk/toolchain/13_3_Rel1/bin/../lib/gcc/arm-none-eabi/13.3.1/../../../../arm-none-eabi/lib] ==> [/Users/petemahowald/.pico-sdk/toolchain/13_3_Rel1/arm-none-eabi/lib]
  collapse library dir [/Users/petemahowald/.pico-sdk/toolchain/13_3_Rel1/bin/../arm-none-eabi/lib] ==> [/Users/petemahowald/.pico-sdk/toolchain/13_3_Rel1/arm-none-eabi/lib]
  implicit libs: []
  implicit objs: []
  implicit dirs: [/Users/petemahowald/.pico-sdk/toolchain/13_3_Rel1/lib/gcc/arm-none-eabi/13.3.1/thumb/v8-m.main+fp/softfp;/Users/petemahowald/.pico-sdk/toolchain/13_3_Rel1/arm-none-eabi/lib/thumb/v8-m.main+fp/softfp;/Users/petemahowald/.pico-sdk/toolchain/13_3_Rel1/lib/gcc/arm-none-eabi/13.3.1;/Users/petemahowald/.pico-sdk/toolchain/13_3_Rel1/lib/gcc;/Users/petemahowald/.pico-sdk/toolchain/13_3_Rel1/arm-none-eabi/lib]
  implicit fwks: []


